<?xml version="1.0" encoding="UTF-8" ?>
<testsuite tests="28" failures="0" name="mx.unam.ciencias.edd.test.TestArbolBinarioCompleto" time="0.027" errors="0" skipped="0">
  <properties>
    <property name="java.runtime.name" value="OpenJDK Runtime Environment"/>
    <property name="java.vm.version" value="17.0.10+7-Debian-1deb12u1"/>
    <property name="sun.boot.library.path" value="/usr/lib/jvm/java-17-openjdk-amd64/lib"/>
    <property name="maven.multiModuleProjectDirectory" value="/home/pablo/UNAM EDD 2024-2/practica3"/>
    <property name="java.vm.vendor" value="Debian"/>
    <property name="java.vendor.url" value="https://tracker.debian.org/openjdk-17"/>
    <property name="guice.disable.misplaced.annotation.check" value="true"/>
    <property name="path.separator" value=":"/>
    <property name="java.vm.name" value="OpenJDK 64-Bit Server VM"/>
    <property name="user.country" value="MX"/>
    <property name="sun.java.launcher" value="SUN_STANDARD"/>
    <property name="java.vm.specification.name" value="Java Virtual Machine Specification"/>
    <property name="user.dir" value="/home/pablo/UNAM EDD 2024-2/practica3"/>
    <property name="java.vm.compressedOopsMode" value="Zero based"/>
    <property name="java.runtime.version" value="17.0.10+7-Debian-1deb12u1"/>
    <property name="os.arch" value="amd64"/>
    <property name="java.io.tmpdir" value="/tmp"/>
    <property name="line.separator" value="
"/>
    <property name="java.vm.specification.vendor" value="Oracle Corporation"/>
    <property name="os.name" value="Linux"/>
    <property name="classworlds.conf" value="/usr/share/maven/bin/m2.conf"/>
    <property name="sun.jnu.encoding" value="UTF-8"/>
    <property name="java.library.path" value="/usr/java/packages/lib:/usr/lib/x86_64-linux-gnu/jni:/lib/x86_64-linux-gnu:/usr/lib/x86_64-linux-gnu:/usr/lib/jni:/lib:/usr/lib"/>
    <property name="maven.conf" value="/usr/share/maven/conf"/>
    <property name="jdk.debug" value="release"/>
    <property name="java.class.version" value="61.0"/>
    <property name="java.specification.name" value="Java Platform API Specification"/>
    <property name="sun.management.compiler" value="HotSpot 64-Bit Tiered Compilers"/>
    <property name="os.version" value="6.1.0-18-amd64"/>
    <property name="library.jansi.path" value="/usr/share/maven/lib/jansi-native"/>
    <property name="user.home" value="/home/pablo"/>
    <property name="user.timezone" value="America/Mexico_City"/>
    <property name="file.encoding" value="UTF-8"/>
    <property name="java.specification.version" value="17"/>
    <property name="user.name" value="pablo"/>
    <property name="java.class.path" value="/usr/share/maven/boot/plexus-classworlds-2.x.jar"/>
    <property name="java.vm.specification.version" value="17"/>
    <property name="sun.arch.data.model" value="64"/>
    <property name="sun.java.command" value="org.codehaus.plexus.classworlds.launcher.Launcher test"/>
    <property name="java.home" value="/usr/lib/jvm/java-17-openjdk-amd64"/>
    <property name="user.language" value="es"/>
    <property name="java.specification.vendor" value="Oracle Corporation"/>
    <property name="java.vm.info" value="mixed mode, sharing"/>
    <property name="java.version" value="17.0.10"/>
    <property name="native.encoding" value="UTF-8"/>
    <property name="java.vendor" value="Debian"/>
    <property name="sun.stderr.encoding" value="UTF-8"/>
    <property name="maven.home" value="/usr/share/maven"/>
    <property name="file.separator" value="/"/>
    <property name="java.version.date" value="2024-01-16"/>
    <property name="java.vendor.url.bug" value="https://bugs.debian.org/openjdk-17"/>
    <property name="sun.io.unicode.encoding" value="UnicodeLittle"/>
    <property name="sun.cpu.endian" value="little"/>
    <property name="sun.stdout.encoding" value="UTF-8"/>
  </properties>
  <testcase classname="mx.unam.ciencias.edd.test.TestArbolBinarioCompleto" name="testElimina" time="0.004"/>
  <testcase classname="mx.unam.ciencias.edd.test.TestArbolBinarioCompleto" name="testEsVacio" time="0.001"/>
  <testcase classname="mx.unam.ciencias.edd.test.TestArbolBinarioCompleto" name="testIteradorHasNext" time="0.001"/>
  <testcase classname="mx.unam.ciencias.edd.test.TestArbolBinarioCompleto" name="testBfs" time="0.003"/>
  <testcase classname="mx.unam.ciencias.edd.test.TestArbolBinarioCompleto" name="testBusca" time="0.001"/>
  <testcase classname="mx.unam.ciencias.edd.test.TestArbolBinarioCompleto" name="testVerticeAltura" time="0.001"/>
  <testcase classname="mx.unam.ciencias.edd.test.TestArbolBinarioCompleto" name="testRaiz" time="0.001"/>
  <testcase classname="mx.unam.ciencias.edd.test.TestArbolBinarioCompleto" name="testToString" time="0.001"/>
  <testcase classname="mx.unam.ciencias.edd.test.TestArbolBinarioCompleto" name="testVerticeEquals" time="0"/>
  <testcase classname="mx.unam.ciencias.edd.test.TestArbolBinarioCompleto" name="testVerticeToString" time="0.001"/>
  <testcase classname="mx.unam.ciencias.edd.test.TestArbolBinarioCompleto" name="testVerticeGet" time="0"/>
  <testcase classname="mx.unam.ciencias.edd.test.TestArbolBinarioCompleto" name="testVerticeIzquierdo" time="0"/>
  <testcase classname="mx.unam.ciencias.edd.test.TestArbolBinarioCompleto" name="testVerticeProfundidad" time="0.001"/>
  <testcase classname="mx.unam.ciencias.edd.test.TestArbolBinarioCompleto" name="testContiene" time="0.002"/>
  <testcase classname="mx.unam.ciencias.edd.test.TestArbolBinarioCompleto" name="testIteradorNext" time="0.001"/>
  <testcase classname="mx.unam.ciencias.edd.test.TestArbolBinarioCompleto" name="testVerticeDerecho" time="0.001"/>
  <testcase classname="mx.unam.ciencias.edd.test.TestArbolBinarioCompleto" name="testGetElementos" time="0.002"/>
  <testcase classname="mx.unam.ciencias.edd.test.TestArbolBinarioCompleto" name="testVerticePadre" time="0.001"/>
  <testcase classname="mx.unam.ciencias.edd.test.TestArbolBinarioCompleto" name="testAgrega" time="0.001"/>
  <testcase classname="mx.unam.ciencias.edd.test.TestArbolBinarioCompleto" name="testAltura" time="0.001"/>
  <testcase classname="mx.unam.ciencias.edd.test.TestArbolBinarioCompleto" name="testVerticeHayDerecho" time="0.001"/>
  <testcase classname="mx.unam.ciencias.edd.test.TestArbolBinarioCompleto" name="testEquals" time="0.001"/>
  <testcase classname="mx.unam.ciencias.edd.test.TestArbolBinarioCompleto" name="testVerticeHayPadre" time="0"/>
  <testcase classname="mx.unam.ciencias.edd.test.TestArbolBinarioCompleto" name="testLimpia" time="0"/>
  <testcase classname="mx.unam.ciencias.edd.test.TestArbolBinarioCompleto" name="testVerticeHayIzquierdo" time="0"/>
  <testcase classname="mx.unam.ciencias.edd.test.TestArbolBinarioCompleto" name="testIterator" time="0.001"/>
  <testcase classname="mx.unam.ciencias.edd.test.TestArbolBinarioCompleto" name="testConstructorColeccion" time="0"/>
  <testcase classname="mx.unam.ciencias.edd.test.TestArbolBinarioCompleto" name="testConstructor" time="0"/>
</testsuite>